<?xml version="1.0" encoding="UTF-8"?>
<coverage generated="1642111196248" clover="3.2.0">
  <project timestamp="1642111196248" name="All files">
    <metrics statements="63" coveredstatements="52" conditionals="25" coveredconditionals="14" methods="17" coveredmethods="16" elements="105" coveredelements="82" complexity="0" loc="63" ncloc="63" packages="1" files="3" classes="3"/>
    <file name="gameBoard.js" path="/home/ryan/the_odin_project/battleship/src/gameBoard.js">
      <metrics statements="49" coveredstatements="39" conditionals="21" coveredconditionals="10" methods="9" coveredmethods="9"/>
      <line num="4" count="600" type="stmt"/>
      <line num="5" count="6" type="stmt"/>
      <line num="7" count="6" type="stmt"/>
      <line num="8" count="2" type="stmt"/>
      <line num="10" count="2" type="cond" truecount="1" falsecount="2"/>
      <line num="12" count="0" type="stmt"/>
      <line num="13" count="0" type="cond" truecount="0" falsecount="2"/>
      <line num="14" count="0" type="stmt"/>
      <line num="15" count="0" type="stmt"/>
      <line num="18" count="0" type="stmt"/>
      <line num="20" count="2" type="stmt"/>
      <line num="21" count="4" type="cond" truecount="1" falsecount="1"/>
      <line num="22" count="0" type="stmt"/>
      <line num="23" count="0" type="stmt"/>
      <line num="26" count="2" type="stmt"/>
      <line num="28" count="0" type="stmt"/>
      <line num="29" count="0" type="stmt"/>
      <line num="32" count="2" type="stmt"/>
      <line num="35" count="6" type="stmt"/>
      <line num="36" count="2" type="stmt"/>
      <line num="37" count="2" type="stmt"/>
      <line num="38" count="2" type="cond" truecount="3" falsecount="1"/>
      <line num="39" count="2" type="stmt"/>
      <line num="40" count="2" type="stmt"/>
      <line num="41" count="10" type="stmt"/>
      <line num="44" count="2" type="stmt"/>
      <line num="45" count="2" type="stmt"/>
      <line num="48" count="6" type="stmt"/>
      <line num="49" count="3" type="stmt"/>
      <line num="50" count="3" type="stmt"/>
      <line num="51" count="3" type="stmt"/>
      <line num="52" count="3" type="stmt"/>
      <line num="54" count="3" type="stmt"/>
      <line num="55" count="11" type="cond" truecount="2" falsecount="4"/>
      <line num="56" count="11" type="stmt"/>
      <line num="57" count="11" type="stmt"/>
      <line num="58" count="11" type="stmt"/>
      <line num="61" count="3" type="stmt"/>
      <line num="62" count="3" type="stmt"/>
      <line num="65" count="6" type="stmt"/>
      <line num="66" count="8" type="cond" truecount="1" falsecount="1"/>
      <line num="67" count="8" type="stmt"/>
      <line num="68" count="8" type="stmt"/>
      <line num="69" count="15" type="cond" truecount="2" falsecount="0"/>
      <line num="70" count="8" type="stmt"/>
      <line num="74" count="0" type="stmt"/>
      <line num="76" count="8" type="stmt"/>
      <line num="79" count="6" type="stmt"/>
      <line num="81" count="6" type="stmt"/>
    </file>
    <file name="player.js" path="/home/ryan/the_odin_project/battleship/src/player.js">
      <metrics statements="7" coveredstatements="6" conditionals="2" coveredconditionals="2" methods="3" coveredmethods="2"/>
      <line num="2" count="1" type="stmt"/>
      <line num="3" count="1" type="stmt"/>
      <line num="4" count="1" type="cond" truecount="2" falsecount="0"/>
      <line num="5" count="0" type="stmt"/>
      <line num="7" count="1" type="stmt"/>
      <line num="10" count="1" type="stmt"/>
      <line num="12" count="1" type="stmt"/>
    </file>
    <file name="ship.js" path="/home/ryan/the_odin_project/battleship/src/ship.js">
      <metrics statements="7" coveredstatements="7" conditionals="2" coveredconditionals="2" methods="5" coveredmethods="5"/>
      <line num="2" count="43" type="stmt"/>
      <line num="4" count="10" type="stmt"/>
      <line num="5" count="14" type="cond" truecount="2" falsecount="0"/>
      <line num="6" count="13" type="stmt"/>
      <line num="8" count="14" type="stmt"/>
      <line num="11" count="11" type="stmt"/>
      <line num="13" count="10" type="stmt"/>
    </file>
  </project>
</coverage>
