{"/home/ryan/the_odin_project/battleship/src/gameBoard.js": {"path":"/home/ryan/the_odin_project/battleship/src/gameBoard.js","statementMap":{"0":{"start":{"line":4,"column":21},"end":{"line":4,"column":52}},"1":{"start":{"line":4,"column":50},"end":{"line":4,"column":51}},"2":{"start":{"line":5,"column":16},"end":{"line":5,"column":18}},"3":{"start":{"line":7,"column":19},"end":{"line":33,"column":3}},"4":{"start":{"line":8,"column":18},"end":{"line":8,"column":22}},"5":{"start":{"line":10,"column":4},"end":{"line":30,"column":5}},"6":{"start":{"line":12,"column":8},"end":{"line":17,"column":9}},"7":{"start":{"line":12,"column":21},"end":{"line":12,"column":26}},"8":{"start":{"line":13,"column":10},"end":{"line":16,"column":11}},"9":{"start":{"line":14,"column":12},"end":{"line":14,"column":28}},"10":{"start":{"line":15,"column":12},"end":{"line":15,"column":19}},"11":{"start":{"line":18,"column":8},"end":{"line":18,"column":14}},"12":{"start":{"line":20,"column":8},"end":{"line":25,"column":9}},"13":{"start":{"line":20,"column":21},"end":{"line":20,"column":26}},"14":{"start":{"line":21,"column":10},"end":{"line":24,"column":11}},"15":{"start":{"line":22,"column":12},"end":{"line":22,"column":28}},"16":{"start":{"line":23,"column":12},"end":{"line":23,"column":19}},"17":{"start":{"line":26,"column":8},"end":{"line":26,"column":14}},"18":{"start":{"line":28,"column":8},"end":{"line":28,"column":65}},"19":{"start":{"line":29,"column":8},"end":{"line":29,"column":14}},"20":{"start":{"line":32,"column":4},"end":{"line":32,"column":19}},"21":{"start":{"line":35,"column":30},"end":{"line":46,"column":3}},"22":{"start":{"line":36,"column":18},"end":{"line":36,"column":30}},"23":{"start":{"line":37,"column":22},"end":{"line":37,"column":32}},"24":{"start":{"line":38,"column":4},"end":{"line":43,"column":5}},"25":{"start":{"line":39,"column":6},"end":{"line":39,"column":50}},"26":{"start":{"line":40,"column":6},"end":{"line":42,"column":7}},"27":{"start":{"line":40,"column":19},"end":{"line":40,"column":20}},"28":{"start":{"line":41,"column":8},"end":{"line":41,"column":39}},"29":{"start":{"line":44,"column":4},"end":{"line":44,"column":22}},"30":{"start":{"line":45,"column":4},"end":{"line":45,"column":22}},"31":{"start":{"line":48,"column":28},"end":{"line":63,"column":3}},"32":{"start":{"line":49,"column":18},"end":{"line":49,"column":30}},"33":{"start":{"line":50,"column":22},"end":{"line":50,"column":32}},"34":{"start":{"line":51,"column":23},"end":{"line":51,"column":47}},"35":{"start":{"line":52,"column":20},"end":{"line":52,"column":21}},"36":{"start":{"line":54,"column":4},"end":{"line":60,"column":5}},"37":{"start":{"line":54,"column":17},"end":{"line":54,"column":22}},"38":{"start":{"line":55,"column":6},"end":{"line":59,"column":7}},"39":{"start":{"line":56,"column":8},"end":{"line":56,"column":26}},"40":{"start":{"line":57,"column":8},"end":{"line":57,"column":39}},"41":{"start":{"line":58,"column":8},"end":{"line":58,"column":23}},"42":{"start":{"line":61,"column":4},"end":{"line":61,"column":22}},"43":{"start":{"line":62,"column":4},"end":{"line":62,"column":22}},"44":{"start":{"line":65,"column":25},"end":{"line":77,"column":3}},"45":{"start":{"line":66,"column":4},"end":{"line":75,"column":5}},"46":{"start":{"line":67,"column":6},"end":{"line":67,"column":33}},"47":{"start":{"line":68,"column":6},"end":{"line":72,"column":9}},"48":{"start":{"line":69,"column":8},"end":{"line":71,"column":9}},"49":{"start":{"line":70,"column":10},"end":{"line":70,"column":53}},"50":{"start":{"line":74,"column":6},"end":{"line":74,"column":33}},"51":{"start":{"line":76,"column":4},"end":{"line":76,"column":22}},"52":{"start":{"line":79,"column":18},"end":{"line":79,"column":60}},"53":{"start":{"line":79,"column":24},"end":{"line":79,"column":60}},"54":{"start":{"line":79,"column":46},"end":{"line":79,"column":59}},"55":{"start":{"line":81,"column":2},"end":{"line":87,"column":4}}},"fnMap":{"0":{"name":"gameBoard","decl":{"start":{"line":3,"column":24},"end":{"line":3,"column":33}},"loc":{"start":{"line":3,"column":36},"end":{"line":88,"column":1}},"line":3},"1":{"name":"(anonymous_1)","decl":{"start":{"line":4,"column":44},"end":{"line":4,"column":45}},"loc":{"start":{"line":4,"column":50},"end":{"line":4,"column":51}},"line":4},"2":{"name":"(anonymous_2)","decl":{"start":{"line":7,"column":19},"end":{"line":7,"column":20}},"loc":{"start":{"line":7,"column":49},"end":{"line":33,"column":3}},"line":7},"3":{"name":"(anonymous_3)","decl":{"start":{"line":35,"column":30},"end":{"line":35,"column":31}},"loc":{"start":{"line":35,"column":49},"end":{"line":46,"column":3}},"line":35},"4":{"name":"(anonymous_4)","decl":{"start":{"line":48,"column":28},"end":{"line":48,"column":29}},"loc":{"start":{"line":48,"column":47},"end":{"line":63,"column":3}},"line":48},"5":{"name":"(anonymous_5)","decl":{"start":{"line":65,"column":25},"end":{"line":65,"column":26}},"loc":{"start":{"line":65,"column":39},"end":{"line":77,"column":3}},"line":65},"6":{"name":"(anonymous_6)","decl":{"start":{"line":68,"column":20},"end":{"line":68,"column":21}},"loc":{"start":{"line":68,"column":30},"end":{"line":72,"column":7}},"line":68},"7":{"name":"(anonymous_7)","decl":{"start":{"line":79,"column":18},"end":{"line":79,"column":19}},"loc":{"start":{"line":79,"column":24},"end":{"line":79,"column":60}},"line":79},"8":{"name":"(anonymous_8)","decl":{"start":{"line":79,"column":36},"end":{"line":79,"column":37}},"loc":{"start":{"line":79,"column":46},"end":{"line":79,"column":59}},"line":79}},"branchMap":{"0":{"loc":{"start":{"line":10,"column":4},"end":{"line":30,"column":5}},"type":"switch","locations":[{"start":{"line":11,"column":6},"end":{"line":18,"column":14}},{"start":{"line":19,"column":6},"end":{"line":26,"column":14}},{"start":{"line":27,"column":6},"end":{"line":29,"column":14}}],"line":10},"1":{"loc":{"start":{"line":13,"column":10},"end":{"line":16,"column":11}},"type":"if","locations":[{"start":{"line":13,"column":10},"end":{"line":16,"column":11}},{"start":{},"end":{}}],"line":13},"2":{"loc":{"start":{"line":21,"column":10},"end":{"line":24,"column":11}},"type":"if","locations":[{"start":{"line":21,"column":10},"end":{"line":24,"column":11}},{"start":{},"end":{}}],"line":21},"3":{"loc":{"start":{"line":38,"column":4},"end":{"line":43,"column":5}},"type":"if","locations":[{"start":{"line":38,"column":4},"end":{"line":43,"column":5}},{"start":{},"end":{}}],"line":38},"4":{"loc":{"start":{"line":38,"column":8},"end":{"line":38,"column":112}},"type":"binary-expr","locations":[{"start":{"line":38,"column":8},"end":{"line":38,"column":71}},{"start":{"line":38,"column":75},"end":{"line":38,"column":112}}],"line":38},"5":{"loc":{"start":{"line":55,"column":6},"end":{"line":59,"column":7}},"type":"if","locations":[{"start":{"line":55,"column":6},"end":{"line":59,"column":7}},{"start":{},"end":{}}],"line":55},"6":{"loc":{"start":{"line":55,"column":10},"end":{"line":55,"column":96}},"type":"binary-expr","locations":[{"start":{"line":55,"column":10},"end":{"line":55,"column":20}},{"start":{"line":55,"column":25},"end":{"line":55,"column":36}},{"start":{"line":55,"column":40},"end":{"line":55,"column":56}},{"start":{"line":55,"column":61},"end":{"line":55,"column":96}}],"line":55},"7":{"loc":{"start":{"line":66,"column":4},"end":{"line":75,"column":5}},"type":"if","locations":[{"start":{"line":66,"column":4},"end":{"line":75,"column":5}},{"start":{"line":73,"column":11},"end":{"line":75,"column":5}}],"line":66},"8":{"loc":{"start":{"line":69,"column":8},"end":{"line":71,"column":9}},"type":"if","locations":[{"start":{"line":69,"column":8},"end":{"line":71,"column":9}},{"start":{},"end":{}}],"line":69}},"s":{"0":6,"1":600,"2":6,"3":6,"4":2,"5":2,"6":0,"7":0,"8":0,"9":0,"10":0,"11":0,"12":2,"13":2,"14":4,"15":0,"16":0,"17":2,"18":0,"19":0,"20":2,"21":6,"22":2,"23":2,"24":2,"25":2,"26":2,"27":2,"28":10,"29":2,"30":2,"31":6,"32":3,"33":3,"34":3,"35":3,"36":3,"37":3,"38":11,"39":11,"40":11,"41":11,"42":3,"43":3,"44":6,"45":8,"46":8,"47":8,"48":15,"49":8,"50":0,"51":8,"52":6,"53":1,"54":2,"55":6},"f":{"0":6,"1":600,"2":2,"3":2,"4":3,"5":8,"6":15,"7":1,"8":2},"b":{"0":[0,2,0],"1":[0,0],"2":[0,4],"3":[2,0],"4":[2,2],"5":[11,0],"6":[11,0,0,0],"7":[8,0],"8":[8,7]},"_coverageSchema":"1a1c01bbd47fc00a2c39e90264f33305004495a9","hash":"4c4469291a6f9e221032d3f4c2cede15750f624f"}
,"/home/ryan/the_odin_project/battleship/src/player.js": {"path":"/home/ryan/the_odin_project/battleship/src/player.js","statementMap":{"0":{"start":{"line":2,"column":23},"end":{"line":8,"column":3}},"1":{"start":{"line":3,"column":15},"end":{"line":3,"column":46}},"2":{"start":{"line":4,"column":4},"end":{"line":6,"column":5}},"3":{"start":{"line":5,"column":6},"end":{"line":5,"column":45}},"4":{"start":{"line":7,"column":4},"end":{"line":7,"column":16}},"5":{"start":{"line":10,"column":20},"end":{"line":10,"column":59}},"6":{"start":{"line":10,"column":27},"end":{"line":10,"column":59}},"7":{"start":{"line":12,"column":2},"end":{"line":12,"column":37}}},"fnMap":{"0":{"name":"player","decl":{"start":{"line":1,"column":24},"end":{"line":1,"column":30}},"loc":{"start":{"line":1,"column":33},"end":{"line":13,"column":1}},"line":1},"1":{"name":"(anonymous_1)","decl":{"start":{"line":2,"column":23},"end":{"line":2,"column":24}},"loc":{"start":{"line":2,"column":34},"end":{"line":8,"column":3}},"line":2},"2":{"name":"(anonymous_2)","decl":{"start":{"line":10,"column":20},"end":{"line":10,"column":21}},"loc":{"start":{"line":10,"column":27},"end":{"line":10,"column":59}},"line":10}},"branchMap":{"0":{"loc":{"start":{"line":4,"column":11},"end":{"line":4,"column":75}},"type":"binary-expr","locations":[{"start":{"line":4,"column":11},"end":{"line":4,"column":41}},{"start":{"line":4,"column":45},"end":{"line":4,"column":75}}],"line":4}},"s":{"0":1,"1":1,"2":1,"3":0,"4":1,"5":1,"6":0,"7":1},"f":{"0":1,"1":1,"2":0},"b":{"0":[1,1]},"_coverageSchema":"1a1c01bbd47fc00a2c39e90264f33305004495a9","hash":"627bc11ebfd13fc2d3361cb6acc035d5d5cca108"}
,"/home/ryan/the_odin_project/battleship/src/ship.js": {"path":"/home/ryan/the_odin_project/battleship/src/ship.js","statementMap":{"0":{"start":{"line":2,"column":20},"end":{"line":2,"column":54}},"1":{"start":{"line":2,"column":52},"end":{"line":2,"column":53}},"2":{"start":{"line":4,"column":14},"end":{"line":9,"column":3}},"3":{"start":{"line":5,"column":4},"end":{"line":7,"column":5}},"4":{"start":{"line":6,"column":6},"end":{"line":6,"column":25}},"5":{"start":{"line":8,"column":4},"end":{"line":8,"column":21}},"6":{"start":{"line":11,"column":17},"end":{"line":11,"column":70}},"7":{"start":{"line":11,"column":23},"end":{"line":11,"column":70}},"8":{"start":{"line":11,"column":53},"end":{"line":11,"column":69}},"9":{"start":{"line":13,"column":2},"end":{"line":15,"column":4}}},"fnMap":{"0":{"name":"ship","decl":{"start":{"line":1,"column":24},"end":{"line":1,"column":28}},"loc":{"start":{"line":1,"column":37},"end":{"line":16,"column":1}},"line":1},"1":{"name":"(anonymous_1)","decl":{"start":{"line":2,"column":46},"end":{"line":2,"column":47}},"loc":{"start":{"line":2,"column":52},"end":{"line":2,"column":53}},"line":2},"2":{"name":"(anonymous_2)","decl":{"start":{"line":4,"column":14},"end":{"line":4,"column":15}},"loc":{"start":{"line":4,"column":21},"end":{"line":9,"column":3}},"line":4},"3":{"name":"(anonymous_3)","decl":{"start":{"line":11,"column":17},"end":{"line":11,"column":18}},"loc":{"start":{"line":11,"column":23},"end":{"line":11,"column":70}},"line":11},"4":{"name":"(anonymous_4)","decl":{"start":{"line":11,"column":39},"end":{"line":11,"column":40}},"loc":{"start":{"line":11,"column":53},"end":{"line":11,"column":69}},"line":11}},"branchMap":{"0":{"loc":{"start":{"line":5,"column":4},"end":{"line":7,"column":5}},"type":"if","locations":[{"start":{"line":5,"column":4},"end":{"line":7,"column":5}},{"start":{},"end":{}}],"line":5}},"s":{"0":10,"1":43,"2":10,"3":14,"4":13,"5":14,"6":10,"7":3,"8":11,"9":10},"f":{"0":10,"1":43,"2":14,"3":3,"4":11},"b":{"0":[13,1]},"_coverageSchema":"1a1c01bbd47fc00a2c39e90264f33305004495a9","hash":"35e6d659cefe9e59203d50b2a24a5184daf954a1"}
}
