TN:
SF:src/gameBoard.js
FN:3,gameBoard
FN:4,(anonymous_1)
FN:7,(anonymous_2)
FN:35,(anonymous_3)
FN:48,(anonymous_4)
FN:65,(anonymous_5)
FN:68,(anonymous_6)
FN:79,(anonymous_7)
FN:79,(anonymous_8)
FNF:9
FNH:9
FNDA:6,gameBoard
FNDA:600,(anonymous_1)
FNDA:2,(anonymous_2)
FNDA:2,(anonymous_3)
FNDA:3,(anonymous_4)
FNDA:8,(anonymous_5)
FNDA:15,(anonymous_6)
FNDA:1,(anonymous_7)
FNDA:2,(anonymous_8)
DA:4,600
DA:5,6
DA:7,6
DA:8,2
DA:10,2
DA:12,0
DA:13,0
DA:14,0
DA:15,0
DA:18,0
DA:20,2
DA:21,4
DA:22,0
DA:23,0
DA:26,2
DA:28,0
DA:29,0
DA:32,2
DA:35,6
DA:36,2
DA:37,2
DA:38,2
DA:39,2
DA:40,2
DA:41,10
DA:44,2
DA:45,2
DA:48,6
DA:49,3
DA:50,3
DA:51,3
DA:52,3
DA:54,3
DA:55,11
DA:56,11
DA:57,11
DA:58,11
DA:61,3
DA:62,3
DA:65,6
DA:66,8
DA:67,8
DA:68,8
DA:69,15
DA:70,8
DA:74,0
DA:76,8
DA:79,6
DA:81,6
LF:49
LH:39
BRDA:10,0,0,0
BRDA:10,0,1,2
BRDA:10,0,2,0
BRDA:13,1,0,0
BRDA:13,1,1,0
BRDA:21,2,0,0
BRDA:21,2,1,4
BRDA:38,3,0,2
BRDA:38,3,1,0
BRDA:38,4,0,2
BRDA:38,4,1,2
BRDA:55,5,0,11
BRDA:55,5,1,0
BRDA:55,6,0,11
BRDA:55,6,1,0
BRDA:55,6,2,0
BRDA:55,6,3,0
BRDA:66,7,0,8
BRDA:66,7,1,0
BRDA:69,8,0,8
BRDA:69,8,1,7
BRF:21
BRH:10
end_of_record
TN:
SF:src/player.js
FN:1,player
FN:2,(anonymous_1)
FN:10,(anonymous_2)
FNF:3
FNH:2
FNDA:1,player
FNDA:1,(anonymous_1)
FNDA:0,(anonymous_2)
DA:2,1
DA:3,1
DA:4,1
DA:5,0
DA:7,1
DA:10,1
DA:12,1
LF:7
LH:6
BRDA:4,0,0,1
BRDA:4,0,1,1
BRF:2
BRH:2
end_of_record
TN:
SF:src/ship.js
FN:1,ship
FN:2,(anonymous_1)
FN:4,(anonymous_2)
FN:11,(anonymous_3)
FN:11,(anonymous_4)
FNF:5
FNH:5
FNDA:10,ship
FNDA:43,(anonymous_1)
FNDA:14,(anonymous_2)
FNDA:3,(anonymous_3)
FNDA:11,(anonymous_4)
DA:2,43
DA:4,10
DA:5,14
DA:6,13
DA:8,14
DA:11,11
DA:13,10
LF:7
LH:7
BRDA:5,0,0,13
BRDA:5,0,1,1
BRF:2
BRH:2
end_of_record
